生成启动时间为 2016/9/29 星期四 15:12:55。
     1>项目“E:\Code\TestChildVR\USB\HMDUSBManager.vcxproj”在节点 2 上(Build 个目标)。
     1>C:\Program Files (x86)\MSBuild\Microsoft.Cpp\v4.0\V120\Microsoft.CppBuild.targets(364,5): warning MSB8004: Output Directory does not end with a trailing slash.  This build instance will add the slash as it is required to allow proper evaluation of the Output Directory.
     1>C:\Program Files (x86)\MSBuild\Microsoft.Cpp\v4.0\V120\Microsoft.CppBuild.targets(388,5): warning MSB8028: The intermediate directory (Debug\) contains files shared from another project (HMDUSBManager.vcxproj, LineManager.vcxproj).  This can lead to incorrect clean and rebuild behavior.
     1>ClCompile:
         C:\Program Files (x86)\Microsoft Visual Studio 12.0\VC\bin\CL.exe /c /ZI /nologo /W3 /WX- /sdl /Od /Oy- /D WIN32 /D _DEBUG /D _WINDOWS /D _USRDLL /D HMDUSBMANAGER_EXPORTS /D _CRT_SECURE_NO_WARNINGS /D _WINDLL /D _MBCS /Gm /EHsc /RTC1 /MDd /GS /fp:precise /Zc:wchar_t /Zc:forScope /Fo"Debug\\" /Fd"Debug\vc120.pdb" /FR"Debug\\" /Gd /TP /analyze- /errorReport:prompt LineUSBManager.cpp
         LineUSBManager.cpp
     1>e:\code\testchildvr\usb\hiddevice.h(35): warning C4005: “HIDP_STATUS_SUCCESS”: 宏重定义
                 c:\program files (x86)\windows kits\8.1\include\shared\hidpi.h(1801) : 参见“HIDP_STATUS_SUCCESS”的前一个定义
     1>e:\code\testchildvr\usb\lineusbmanager.cpp(174): warning C4101: “DeviceNotificationHandle”: 未引用的局部变量
     1>e:\code\testchildvr\usb\lineusbmanager.cpp(195): warning C4101: “UsageDescription”: 未引用的局部变量
     1>e:\code\testchildvr\usb\lineusbmanager.cpp(432): warning C4800: “BOOLEAN”: 将值强制为布尔值“true”或“false”(性能警告)
     1>e:\code\testchildvr\usb\lineusbmanager.cpp(446): warning C4800: “BOOLEAN”: 将值强制为布尔值“true”或“false”(性能警告)
     1>e:\code\testchildvr\usb\lineusbmanager.cpp(460): warning C4800: “BOOLEAN”: 将值强制为布尔值“true”或“false”(性能警告)
     1>e:\code\testchildvr\usb\lineusbmanager.cpp(478): warning C4800: “BOOLEAN”: 将值强制为布尔值“true”或“false”(性能警告)
     1>e:\code\testchildvr\usb\lineusbmanager.cpp(471): warning C4101: “i”: 未引用的局部变量
     1>e:\code\testchildvr\usb\lineusbmanager.cpp(499): warning C4800: “BOOLEAN”: 将值强制为布尔值“true”或“false”(性能警告)
     1>e:\code\testchildvr\usb\lineusbmanager.cpp(514): warning C4101: “msg”: 未引用的局部变量
     1>e:\code\testchildvr\usb\lineusbmanager.cpp(515): warning C4101: “itemp”: 未引用的局部变量
       Link:
         C:\Program Files (x86)\Microsoft Visual Studio 12.0\VC\bin\link.exe /ERRORREPORT:PROMPT /OUT:"..\TestChildVR\bin\x86\Debug\LineUSBManager.dll" /INCREMENTAL /NOLOGO hid.lib SetupAPI.Lib shlwapi.lib kernel32.lib user32.lib gdi32.lib winspool.lib comdlg32.lib advapi32.lib shell32.lib ole32.lib oleaut32.lib uuid.lib odbc32.lib odbccp32.lib /MANIFEST /MANIFESTUAC:"level='asInvoker' uiAccess='false'" /manifest:embed /DEBUG /PDB:"..\TestChildVR\bin\x86\Debug\LineUSBManager.pdb" /SUBSYSTEM:WINDOWS /TLBID:1 /DYNAMICBASE /NXCOMPAT /IMPLIB:"..\TestChildVR\bin\x86\Debug\LineUSBManager.lib" /MACHINE:X86 /DLL Debug\HidDevice.obj
         Debug\LineUSBManager.obj
         HMDUSBManager.vcxproj -> E:\Code\TestChildVR\USB\..\TestChildVR\bin\x86\Debug\LineUSBManager.dll
       BscMake:
         C:\Program Files (x86)\Microsoft Visual Studio 12.0\VC\bin\bscmake.exe /nologo /o"..\TestChildVR\bin\x86\Debug\LineUSBManager.bsc" Debug\HidDevice.sbr Debug\LineUSBManager.sbr
     1>已完成生成项目“E:\Code\TestChildVR\USB\HMDUSBManager.vcxproj”(Build 个目标)的操作。

生成成功。

已用时间 00:00:02.15
